[    0.000000] Linux version 4.15.0-159-generic (buildd@lgw01-amd64-055) (gcc version 7.5.0 (Ubuntu 7.5.0-3ubuntu1~18.04)) #167-Ubuntu SMP Tue Sep 21 08:55:05 UTC 2021 (Ubuntu 4.15.0-159.167-generic 4.15.18)
[    0.000000] Command line: BOOT_IMAGE=/boot/vmlinuz-4.15.0-159-generic root=LABEL=cloudimg-rootfs ro console=tty1 console=ttyS0
[    0.000000] KERNEL supported cpus:
[    0.000000]   Intel GenuineIntel
[    0.000000]   AMD AuthenticAMD
[    0.000000]   Centaur CentaurHauls
[    0.000000] x86/fpu: x87 FPU will use FXSAVE
[    0.000000] e820: BIOS-provided physical RAM map:
[    0.000000] BIOS-e820: [mem 0x0000000000000000-0x000000000009fbff] usable
[    0.000000] BIOS-e820: [mem 0x000000000009fc00-0x000000000009ffff] reserved
[    0.000000] BIOS-e820: [mem 0x00000000000f0000-0x00000000000fffff] reserved
[    0.000000] BIOS-e820: [mem 0x0000000000100000-0x000000003ffeffff] usable
[    0.000000] BIOS-e820: [mem 0x000000003fff0000-0x000000003fffffff] ACPI data
[    0.000000] BIOS-e820: [mem 0x00000000fec00000-0x00000000fec00fff] reserved
[    0.000000] BIOS-e820: [mem 0x00000000fee00000-0x00000000fee00fff] reserved
[    0.000000] BIOS-e820: [mem 0x00000000fffc0000-0x00000000ffffffff] reserved
[    0.000000] NX (Execute Disable) protection: active
[    0.000000] SMBIOS 2.5 present.
[    0.000000] DMI: innotek GmbH VirtualBox/VirtualBox, BIOS VirtualBox 12/01/2006
[    0.000000] Hypervisor detected: KVM
[    0.000000] e820: last_pfn = 0x3fff0 max_arch_pfn = 0x400000000
[    0.000000] MTRR: Disabled
[    0.000000] x86/PAT: MTRRs disabled, skipping PAT initialization too.
[    0.000000] CPU MTRRs all blank - virtualized system.
[    0.000000] x86/PAT: Configuration [0-7]: WB  WT  UC- UC  WB  WT  UC- UC  
[    0.000000] found SMP MP-table at [mem 0x0009fff0-0x0009ffff]
[    0.000000] Scanning 1 areas for low memory corruption
[    0.000000] RAMDISK: [mem 0x359cb000-0x36cdcfff]
[    0.000000] ACPI: Early table checksum verification disabled
[    0.000000] ACPI: RSDP 0x00000000000E0000 000024 (v02 VBOX  )
[    0.000000] ACPI: XSDT 0x000000003FFF0030 00003C (v01 VBOX   VBOXXSDT 00000001 ASL  00000061)
[    0.000000] ACPI: FACP 0x000000003FFF00F0 0000F4 (v04 VBOX   VBOXFACP 00000001 ASL  00000061)
[    0.000000] ACPI: DSDT 0x000000003FFF0470 002325 (v02 VBOX   VBOXBIOS 00000002 INTL 20100528)
[    0.000000] ACPI: FACS 0x000000003FFF0200 000040
[    0.000000] ACPI: FACS 0x000000003FFF0200 000040
[    0.000000] ACPI: APIC 0x000000003FFF0240 00005C (v02 VBOX   VBOXAPIC 00000001 ASL  00000061)
[    0.000000] ACPI: SSDT 0x000000003FFF02A0 0001CC (v01 VBOX   VBOXCPUT 00000002 INTL 20100528)
[    0.000000] ACPI: Reserving FACP table memory at [mem 0x3fff00f0-0x3fff01e3]
[    0.000000] ACPI: Reserving DSDT table memory at [mem 0x3fff0470-0x3fff2794]
[    0.000000] ACPI: Reserving FACS table memory at [mem 0x3fff0200-0x3fff023f]
[    0.000000] ACPI: Reserving FACS table memory at [mem 0x3fff0200-0x3fff023f]
[    0.000000] ACPI: Reserving APIC table memory at [mem 0x3fff0240-0x3fff029b]
[    0.000000] ACPI: Reserving SSDT table memory at [mem 0x3fff02a0-0x3fff046b]
[    0.000000] No NUMA configuration found
[    0.000000] Faking a node at [mem 0x0000000000000000-0x000000003ffeffff]
[    0.000000] NODE_DATA(0) allocated [mem 0x3ffc5000-0x3ffeffff]
[    0.000000] kvm-clock: cpu 0, msr 0:3ff44001, primary cpu clock
[    0.000000] kvm-clock: Using msrs 4b564d01 and 4b564d00
[    0.000000] kvm-clock: using sched offset of 6655283629 cycles
[    0.000000] clocksource: kvm-clock: mask: 0xffffffffffffffff max_cycles: 0x1cd42e4dffb, max_idle_ns: 881590591483 ns
[    0.000000] Zone ranges:
[    0.000000]   DMA      [mem 0x0000000000001000-0x0000000000ffffff]
[    0.000000]   DMA32    [mem 0x0000000001000000-0x000000003ffeffff]
[    0.000000]   Normal   empty
[    0.000000]   Device   empty
[    0.000000] Movable zone start for each node
[    0.000000] Early memory node ranges
[    0.000000]   node   0: [mem 0x0000000000001000-0x000000000009efff]
[    0.000000]   node   0: [mem 0x0000000000100000-0x000000003ffeffff]
[    0.000000] Reserved but unavailable: 104 pages
[    0.000000] Initmem setup node 0 [mem 0x0000000000001000-0x000000003ffeffff]
[    0.000000] ACPI: PM-Timer IO Port: 0x4008
[    0.000000] IOAPIC[0]: apic_id 2, version 32, address 0xfec00000, GSI 0-23
[    0.000000] ACPI: INT_SRC_OVR (bus 0 bus_irq 0 global_irq 2 dfl dfl)
[    0.000000] ACPI: INT_SRC_OVR (bus 0 bus_irq 9 global_irq 9 low level)
[    0.000000] Using ACPI (MADT) for SMP configuration information
[    0.000000] smpboot: Allowing 2 CPUs, 0 hotplug CPUs
[    0.000000] PM: Registered nosave memory: [mem 0x00000000-0x00000fff]
[    0.000000] PM: Registered nosave memory: [mem 0x0009f000-0x0009ffff]
[    0.000000] PM: Registered nosave memory: [mem 0x000a0000-0x000effff]
[    0.000000] PM: Registered nosave memory: [mem 0x000f0000-0x000fffff]
[    0.000000] e820: [mem 0x40000000-0xfebfffff] available for PCI devices
[    0.000000] Booting paravirtualized kernel on KVM
[    0.000000] clocksource: refined-jiffies: mask: 0xffffffff max_cycles: 0xffffffff, max_idle_ns: 7645519600211568 ns
[    0.000000] random: get_random_bytes called from start_kernel+0x99/0x500 with crng_init=0
[    0.000000] setup_percpu: NR_CPUS:8192 nr_cpumask_bits:2 nr_cpu_ids:2 nr_node_ids:1
[    0.000000] percpu: Embedded 45 pages/cpu s147456 r8192 d28672 u1048576
[    0.000000] PV qspinlock hash table entries: 256 (order: 0, 4096 bytes)
[    0.000000] Built 1 zonelists, mobility grouping on.  Total pages: 257913
[    0.000000] Policy zone: DMA32
[    0.000000] Kernel command line: BOOT_IMAGE=/boot/vmlinuz-4.15.0-159-generic root=LABEL=cloudimg-rootfs ro console=tty1 console=ttyS0
[    0.000000] Memory: 982708K/1048120K available (12300K kernel code, 2483K rwdata, 4320K rodata, 2448K init, 2724K bss, 65412K reserved, 0K cma-reserved)
[    0.000000] SLUB: HWalign=64, Order=0-3, MinObjects=0, CPUs=2, Nodes=1
[    0.000000] Kernel/User page tables isolation: enabled
[    0.000000] ftrace: allocating 39471 entries in 155 pages
[    0.004000] Hierarchical RCU implementation.
[    0.004000] 	RCU restricting CPUs from NR_CPUS=8192 to nr_cpu_ids=2.
[    0.004000] 	Tasks RCU enabled.
[    0.004000] RCU: Adjusting geometry for rcu_fanout_leaf=16, nr_cpu_ids=2
[    0.004000] NR_IRQS: 524544, nr_irqs: 440, preallocated irqs: 16
[    0.004000] Console: colour VGA+ 80x25
[    0.004000] console [tty1] enabled
[    0.004000] console [ttyS0] enabled
[    0.004000] ACPI: Core revision 20170831
[    0.004000] ACPI: 2 ACPI AML tables successfully acquired and loaded
[    0.004000] APIC: Switch to symmetric I/O mode setup
[    0.004000] ..TIMER: vector=0x30 apic1=0 pin1=2 apic2=-1 pin2=-1
[    0.004000] tsc: Detected 1696.145 MHz processor
[    0.004018] Calibrating delay loop (skipped) preset value.. 3392.29 BogoMIPS (lpj=6784580)
[    0.008009] pid_max: default: 32768 minimum: 301
[    0.012126] Security Framework initialized
[    0.016006] Yama: becoming mindful.
[    0.024007] AppArmor: AppArmor initialized
[    0.042251] Dentry cache hash table entries: 131072 (order: 8, 1048576 bytes)
[    0.052963] Inode-cache hash table entries: 65536 (order: 7, 524288 bytes)
[    0.060141] Mount-cache hash table entries: 2048 (order: 2, 16384 bytes)
[    0.064134] Mountpoint-cache hash table entries: 2048 (order: 2, 16384 bytes)
[    0.073156] Last level iTLB entries: 4KB 512, 2MB 8, 4MB 8
[    0.080010] Last level dTLB entries: 4KB 512, 2MB 32, 4MB 32, 1GB 0
[    0.084013] Spectre V1 : Mitigation: usercopy/swapgs barriers and __user pointer sanitization
[    0.088006] Spectre V2 : Mitigation: Full generic retpoline
[    0.092004] Spectre V2 : Spectre v2 / SpectreRSB mitigation: Filling RSB on context switch
[    0.096005] Speculative Store Bypass: Vulnerable
[    0.100076] MDS: Mitigation: Clear CPU buffers
[    0.104228] Freeing SMP alternatives memory: 36K
[    0.224765] smpboot: CPU0: Intel(R) Core(TM) i5-3317U CPU @ 1.70GHz (family: 0x6, model: 0x3a, stepping: 0x9)
[    0.228853] Performance Events: unsupported p6 CPU model 58 no PMU driver, software events only.
[    0.232271] Hierarchical SRCU implementation.
[    0.240663] NMI watchdog: Perf event create on CPU 0 failed with -2
[    0.244004] NMI watchdog: Perf NMI watchdog permanently disabled
[    0.248727] smp: Bringing up secondary CPUs ...
[    0.256636] x86: Booting SMP configuration:
[    0.260007] .... node  #0, CPUs:      #1
[    0.004000] kvm-clock: cpu 1, msr 0:3ff44041, secondary cpu clock
[    0.279010] TSC synchronization [CPU#0 -> CPU#1]:
[    0.280000] Measured 96592 cycles TSC warp between CPUs, turning off TSC clock.
[    0.280000] tsc: Marking TSC unstable due to check_tsc_sync_source failed
[    0.288527] smp: Brought up 1 node, 2 CPUs
[    0.292013] smpboot: Max logical packages: 1
[    0.296012] smpboot: Total of 2 processors activated (6784.58 BogoMIPS)
[    0.308019] devtmpfs: initialized
[    0.312324] x86/mm: Memory block size: 128MB
[    0.317251] evm: security.selinux
[    0.320018] evm: security.SMACK64
[    0.324011] evm: security.SMACK64EXEC
[    0.328011] evm: security.SMACK64TRANSMUTE
[    0.332011] evm: security.SMACK64MMAP
[    0.336009] evm: security.apparmor
[    0.340008] evm: security.ima
[    0.344009] evm: security.capability
[    0.352715] clocksource: jiffies: mask: 0xffffffff max_cycles: 0xffffffff, max_idle_ns: 7645041785100000 ns
[    0.356026] futex hash table entries: 512 (order: 3, 32768 bytes)
[    0.360361] pinctrl core: initialized pinctrl subsystem
[    0.365134] RTC time:  1:07:12, date: 10/20/21
[    0.372330] NET: Registered protocol family 16
[    0.380219] audit: initializing netlink subsys (disabled)
[    0.388196] audit: type=2000 audit(1634692039.271:1): state=initialized audit_enabled=0 res=1
[    0.408012] cpuidle: using governor ladder
[    0.412029] cpuidle: using governor menu
[    0.416072] ACPI: bus type PCI registered
[    0.420006] acpiphp: ACPI Hot Plug PCI Controller Driver version: 0.5
[    0.425074] PCI: Using configuration type 1 for base access
[    0.436860] HugeTLB registered 2.00 MiB page size, pre-allocated 0 pages
[    0.448643] ACPI: Added _OSI(Module Device)
[    0.452250] ACPI: Added _OSI(Processor Device)
[    0.460007] ACPI: Added _OSI(3.0 _SCP Extensions)
[    0.464006] ACPI: Added _OSI(Processor Aggregator Device)
[    0.468011] ACPI: Added _OSI(Linux-Dell-Video)
[    0.472007] ACPI: Added _OSI(Linux-Lenovo-NV-HDMI-Audio)
[    0.476005] ACPI: Added _OSI(Linux-HPI-Hybrid-Graphics)
[    0.481540] ACPI: Executed 1 blocks of module-level executable AML code
[    0.494188] ACPI: Interpreter enabled
[    0.496026] ACPI: (supports S0 S5)
[    0.500005] ACPI: Using IOAPIC for interrupt routing
[    0.504781] PCI: Using host bridge windows from ACPI; if necessary, use "pci=nocrs" and report a bug
[    0.508408] ACPI: Enabled 2 GPEs in block 00 to 07
[    0.532620] ACPI: PCI Root Bridge [PCI0] (domain 0000 [bus 00-ff])
[    0.536015] acpi PNP0A03:00: _OSC: OS supports [ASPM ClockPM Segments MSI]
[    0.541509] acpi PNP0A03:00: _OSC: not requesting OS control; OS requires [ExtendedConfig ASPM ClockPM MSI]
[    0.544025] acpi PNP0A03:00: fail to add MMCONFIG information, can't access extended PCI configuration space under this bridge.
[    0.553153] PCI host bridge to bus 0000:00
[    0.556008] pci_bus 0000:00: root bus resource [io  0x0000-0x0cf7 window]
[    0.560007] pci_bus 0000:00: root bus resource [io  0x0d00-0xffff window]
[    0.564006] pci_bus 0000:00: root bus resource [mem 0x000a0000-0x000bffff window]
[    0.568006] pci_bus 0000:00: root bus resource [mem 0x40000000-0xfdffffff window]
[    0.572006] pci_bus 0000:00: root bus resource [bus 00-ff]
[    0.590881] pci 0000:00:01.1: legacy IDE quirk: reg 0x10: [io  0x01f0-0x01f7]
[    0.592011] pci 0000:00:01.1: legacy IDE quirk: reg 0x14: [io  0x03f6]
[    0.596011] pci 0000:00:01.1: legacy IDE quirk: reg 0x18: [io  0x0170-0x0177]
[    0.600011] pci 0000:00:01.1: legacy IDE quirk: reg 0x1c: [io  0x0376]
[    0.685044] pci 0000:00:07.0: quirk: [io  0x4000-0x403f] claimed by PIIX4 ACPI
[    0.688068] pci 0000:00:07.0: quirk: [io  0x4100-0x410f] claimed by PIIX4 SMB
[    0.717113] ACPI: PCI Interrupt Link [LNKA] (IRQs 5 9 10 *11)
[    0.721151] ACPI: PCI Interrupt Link [LNKB] (IRQs 5 9 *10 11)
[    0.724409] ACPI: PCI Interrupt Link [LNKC] (IRQs 5 *9 10 11)
[    0.732145] ACPI: PCI Interrupt Link [LNKD] (IRQs 5 9 10 *11)
[    0.742323] SCSI subsystem initialized
[    0.744427] pci 0000:00:02.0: vgaarb: setting as boot VGA device
[    0.748000] pci 0000:00:02.0: vgaarb: VGA device added: decodes=io+mem,owns=io+mem,locks=none
[    0.752017] pci 0000:00:02.0: vgaarb: bridge control possible
[    0.756011] vgaarb: loaded
[    0.764202] ACPI: bus type USB registered
[    0.768134] usbcore: registered new interface driver usbfs
[    0.772043] usbcore: registered new interface driver hub
[    0.780057] usbcore: registered new device driver usb
[    0.788594] EDAC MC: Ver: 3.0.0
[    0.800484] PCI: Using ACPI for IRQ routing
[    0.808638] NetLabel: Initializing
[    0.812004] NetLabel:  domain hash size = 128
[    0.816004] NetLabel:  protocols = UNLABELED CIPSOv4 CALIPSO
[    0.820025] NetLabel:  unlabeled traffic allowed by default
[    0.828481] clocksource: Switched to clocksource kvm-clock
[    0.840958] VFS: Disk quotas dquot_6.6.0
[    0.840958] VFS: Dquot-cache hash table entries: 512 (order 0, 4096 bytes)
[    0.840958] AppArmor: AppArmor Filesystem Enabled
[    0.840958] pnp: PnP ACPI init
[    0.840958] pnp: PnP ACPI: found 3 devices
[    1.023862] clocksource: acpi_pm: mask: 0xffffff max_cycles: 0xffffff, max_idle_ns: 2085701024 ns
[    1.024545] NET: Registered protocol family 2
[    1.024545] IP idents hash table entries: 16384 (order: 5, 131072 bytes)
[    1.057373] TCP established hash table entries: 8192 (order: 4, 65536 bytes)
[    1.069395] TCP bind hash table entries: 8192 (order: 5, 131072 bytes)
[    1.080914] TCP: Hash tables configured (established 8192 bind 8192)
[    1.083900] UDP hash table entries: 512 (order: 2, 16384 bytes)
[    1.083900] UDP-Lite hash table entries: 512 (order: 2, 16384 bytes)
[    1.083900] NET: Registered protocol family 1
[    1.083900] pci 0000:00:00.0: Limiting direct PCI/PCI transfers
[    1.083900] pci 0000:00:01.0: Activating ISA DMA hang workarounds
[    1.083900] pci 0000:00:02.0: Video device with shadowed ROM at [mem 0x000c0000-0x000dffff]
[    1.149114] Unpacking initramfs...
[    2.080065] Freeing initrd memory: 19528K
[    2.089783] clocksource: tsc: mask: 0xffffffffffffffff max_cycles: 0x1872ed9f898, max_idle_ns: 440795284225 ns
[    2.105213] platform rtc_cmos: registered platform RTC device (no PNP device found)
[    2.117895] Scanning for low memory corruption every 60 seconds
[    2.131131] Initialise system trusted keyrings
[    2.139013] Key type blacklist registered
[    2.146216] workingset: timestamp_bits=36 max_order=18 bucket_order=0
[    2.158929] zbud: loaded
[    2.165056] squashfs: version 4.0 (2009/01/31) Phillip Lougher
[    2.176422] fuse init (API version 7.26)
[    2.226165] Key type asymmetric registered
[    2.232856] Asymmetric key parser 'x509' registered
[    2.240857] Block layer SCSI generic (bsg) driver version 0.4 loaded (major 246)
[    2.254117] io scheduler noop registered
[    2.261164] io scheduler deadline registered
[    2.268245] io scheduler cfq registered (default)
[    2.277322] ACPI: AC Adapter [AC] (on-line)
[    2.284811] input: Power Button as /devices/LNXSYSTM:00/LNXPWRBN:00/input/input0
[    2.296948] ACPI: Power Button [PWRF]
[    2.304462] input: Sleep Button as /devices/LNXSYSTM:00/LNXSLPBN:00/input/input1
[    2.316586] ACPI: Sleep Button [SLPF]
[    2.325183] Serial: 8250/16550 driver, 32 ports, IRQ sharing enabled
[    2.328878] ACPI: Battery Slot [BAT0] (battery present)
[    2.381365] 00:02: ttyS0 at I/O 0x3f8 (irq = 4, base_baud = 115200) is a 16550A
[    2.397363] Linux agpgart interface v0.103
[    2.409637] loop: module loaded
[    2.419990] scsi host0: ata_piix
[    2.427661] scsi host1: ata_piix
[    2.434125] ata1: PATA max UDMA/33 cmd 0x1f0 ctl 0x3f6 bmdma 0xd000 irq 14
[    2.445465] ata2: PATA max UDMA/33 cmd 0x170 ctl 0x376 bmdma 0xd008 irq 15
[    2.457059] libphy: Fixed MDIO Bus: probed
[    2.465593] tun: Universal TUN/TAP device driver, 1.6
[    2.475363] PPP generic driver version 2.4.2
[    2.483228] ehci_hcd: USB 2.0 'Enhanced' Host Controller (EHCI) Driver
[    2.494017] ehci-pci: EHCI PCI platform driver
[    2.503010] ehci-platform: EHCI generic platform driver
[    2.512025] ohci_hcd: USB 1.1 'Open' Host Controller (OHCI) Driver
[    2.522294] ohci-pci: OHCI PCI platform driver
[    2.530397] ohci-platform: OHCI generic platform driver
[    2.539782] uhci_hcd: USB Universal Host Controller Interface driver
[    2.550492] i8042: PNP: PS/2 Controller [PNP0303:PS2K,PNP0f03:PS2M] at 0x60,0x64 irq 1,12
[    2.569517] serio: i8042 KBD port at 0x60,0x64 irq 1
[    2.578254] serio: i8042 AUX port at 0x60,0x64 irq 12
[    2.587258] mousedev: PS/2 mouse device common for all mice
[    2.599106] input: AT Translated Set 2 keyboard as /devices/platform/i8042/serio0/input/input2
[    2.615600] rtc_cmos rtc_cmos: rtc core: registered rtc_cmos as rtc0
[    2.628425] rtc_cmos rtc_cmos: alarms up to one day, 114 bytes nvram
[    2.641167] i2c /dev entries driver
[    2.648506] device-mapper: uevent: version 1.0.3
[    2.659939] device-mapper: ioctl: 4.37.0-ioctl (2017-09-20) initialised: dm-devel@redhat.com
[    2.716608] ledtrig-cpu: registered to indicate activity on CPUs
[    2.731604] NET: Registered protocol family 10
[    2.753202] Segment Routing with IPv6
[    2.759843] NET: Registered protocol family 17
[    2.768618] Key type dns_resolver registered
[    2.777501] mce: Using 0 MCE banks
[    2.784914] RAS: Correctable Errors collector initialized.
[    2.794185] sched_clock: Marking stable (2794111666, 0)->(4984953195, -2190841529)
[    2.813694] registered taskstats version 1
[    2.821232] Loading compiled-in X.509 certificates
[    2.837668] Loaded X.509 cert 'Build time autogenerated kernel key: bf5768e0b2369bd53acb56866ca104cf5a2c379b'
[    2.854424] Loaded X.509 cert 'Canonical Ltd. Live Patch Signing: 14df34d1a87cf37625abec039ef2bf521249b969'
[    2.871053] Loaded X.509 cert 'Canonical Ltd. Kernel Module Signing: 88f752e560a1e0737e31163a466ad7b70a850c19'
[    2.887069] zswap: loaded using pool lzo/zbud
[    2.913916] Key type big_key registered
[    2.921142] Key type trusted registered
[    2.935267] Key type encrypted registered
[    2.942513] AppArmor: AppArmor sha1 policy hashing enabled
[    2.953322] ima: No TPM chip found, activating TPM-bypass! (rc=-19)
[    2.966169] ima: Allocated hash algorithm: sha1
[    2.975652] evm: HMAC attrs: 0x1
[    2.984442]   Magic number: 9:694:104
[    2.993736] rtc_cmos rtc_cmos: setting system clock to 2021-10-20 01:07:15 UTC (1634692035)
[    3.015676] BIOS EDD facility v0.16 2004-Jun-25, 0 devices found
[    3.028530] EDD information not available.
[    3.044514] Freeing unused kernel image memory: 2448K
[    3.073142] Write protecting the kernel read-only data: 20480k
[    3.085877] Freeing unused kernel image memory: 2008K
[    3.097122] Freeing unused kernel image memory: 1824K
[    3.117304] x86/mm: Checked W+X mappings: passed, no W+X pages found.
[    3.127254] x86/mm: Checking user space page tables
[    3.143291] x86/mm: Checked W+X mappings: passed, no W+X pages found.
Loading, please wait...
starting version 237
[    3.334976] Fusion MPT base driver 3.04.20
[    3.342990] Copyright (c) 1999-2008 LSI Corporation
[    3.356491] e1000: Intel(R) PRO/1000 Network Driver - version 7.3.21-k8-NAPI
[    3.369990] e1000: Copyright (c) 1999-2006 Intel Corporation.
[    3.410908] Fusion MPT SPI Host driver 3.04.20
[    3.667623] input: ImExPS/2 Generic Explorer Mouse as /devices/platform/i8042/serio1/input/input4
[    4.383248] e1000 0000:00:03.0 eth0: (PCI:33MHz:32-bit) 02:2f:77:f1:0c:e0
[    4.394444] e1000 0000:00:03.0 eth0: Intel(R) PRO/1000 Network Connection
[    5.277166] e1000 0000:00:08.0 eth1: (PCI:33MHz:32-bit) 08:00:27:2e:9c:fb
[    5.290628] e1000 0000:00:08.0 eth1: Intel(R) PRO/1000 Network Connection
[    5.310918] e1000 0000:00:03.0 enp0s3: renamed from eth0
[    5.324803] mptbase: ioc0: Initiating bringup
[    5.334611] e1000 0000:00:08.0 enp0s8: renamed from eth1
[    6.332501] ioc0: LSI53C1030 A0: Capabilities={Initiator}
[    6.607296] scsi host2: ioc0: LSI53C1030 A0, FwRev=00000000h, Ports=1, MaxQ=256, IRQ=20
[    6.790403] scsi 2:0:0:0: Direct-Access     VBOX     HARDDISK         1.0  PQ: 0 ANSI: 5
[    6.836192] scsi target2:0:0: Beginning Domain Validation
[    6.859703] scsi target2:0:0: Domain Validation skipping write tests
[    6.870140] scsi target2:0:0: Ending Domain Validation
[    6.879988] scsi target2:0:0: asynchronous
[    6.888017] random: fast init done
[    6.897092] scsi 2:0:1:0: Direct-Access     VBOX     HARDDISK         1.0  PQ: 0 ANSI: 5
[    6.940693] scsi target2:0:1: Beginning Domain Validation
[    6.963745] scsi target2:0:1: Domain Validation skipping write tests
[    6.974271] scsi target2:0:1: Ending Domain Validation
[    6.983659] scsi target2:0:1: asynchronous
[    7.012729] random: systemd-udevd: uninitialized urandom read (16 bytes read)
[    7.024739] random: systemd-udevd: uninitialized urandom read (16 bytes read)
[    7.025040] sd 2:0:0:0: Attached scsi generic sg0 type 0
[    7.037577] random: systemd-udevd: uninitialized urandom read (16 bytes read)
[    7.064070] sd 2:0:0:0: [sda] 83886080 512-byte logical blocks: (42.9 GB/40.0 GiB)
[    7.066515] sd 2:0:1:0: [sdb] 20480 512-byte logical blocks: (10.5 MB/10.0 MiB)
[    7.083061] sd 2:0:1:0: Attached scsi generic sg1 type 0
[    7.101872] sd 2:0:0:0: [sda] Write Protect is off
[    7.114186] sd 2:0:1:0: [sdb] Write Protect is off
[    7.139586] sd 2:0:1:0: [sdb] Incomplete mode parameter data
[    7.140005] sd 2:0:0:0: [sda] Incomplete mode parameter data
[    7.153450] sd 2:0:1:0: [sdb] Assuming drive cache: write through
[    7.182024] sd 2:0:0:0: [sda] Assuming drive cache: write through
[    7.205094]  sda: sda1
[    7.216531] sd 2:0:1:0: [sdb] Attached SCSI disk
[    7.233551] sd 2:0:0:0: [sda] Attached SCSI disk
Begin: Loading essential drivers ... [   10.248765] raid6: sse2x1   gen() 13451 MB/s
[   11.245657] raid6: sse2x1   xor() 110289 MB/s
[   13.246483] raid6: sse2x2   gen() 189525 MB/s
[   15.244887] raid6: sse2x2   xor() 127524 MB/s
[   15.310775] raid6: sse2x4   gen() 11890 MB/s
[   15.364547] raid6: sse2x4   xor()  6129 MB/s
[   15.372372] raid6: using algorithm sse2x2 gen() 189525 MB/s
[   15.382298] raid6: .... xor() 127524 MB/s, rmw enabled
[   15.391282] raid6: using ssse3x2 recovery algorithm
[   15.405103] xor: measuring software checksum speed
[   15.452250]    prefetch64-sse: 11687.000 MB/sec
[   15.496498]    generic_sse: 13269.000 MB/sec
[   15.503815] xor: using function: generic_sse (13269.000 MB/sec)
[   15.517727] async_tx: api initialized (async)
done.
Begin: Running /scripts/init-premount ... done.
Begin: Mounting root file system ... Begin: Running /scripts/local-top ... done.
Begin: Running /scripts/local-premount ... [   15.636332] Btrfs loaded, crc32c=crc32c-intel
Scanning for Btrfs filesystems
done.
Warning: fsck not present, so skipping root file system
[   15.757667] EXT4-fs (sda1): mounted filesystem with ordered data mode. Opts: (null)
done.
Begin: Running /scripts/local-bottom ... done.
Begin: Running /scripts/init-bottom ... done.
[   16.222618] ip_tables: (C) 2000-2006 Netfilter Core Team
[   16.261772] systemd[1]: systemd 237 running in system mode. (+PAM +AUDIT +SELINUX +IMA +APPARMOR +SMACK +SYSVINIT +UTMP +LIBCRYPTSETUP +GCRYPT +GNUTLS +ACL +XZ +LZ4 +SECCOMP +BLKID +ELFUTILS +KMOD -IDN2 +IDN -PCRE2 default-hierarchy=hybrid)
[   16.292139] systemd[1]: Detected virtualization oracle.
[   16.300392] systemd[1]: Detected architecture x86-64.

Welcome to [1mUbuntu 18.04.6 LTS[0m!

[   16.356842] systemd[1]: Set hostname to <ubuntu>.
[   16.380933] systemd[1]: Initializing machine ID from random generator.
[   16.390357] systemd[1]: Installed transient /etc/machine-id file.
[   17.108332] systemd[1]: Started Forward Password Requests to Wall Directory Watch.
[[0;32m  OK  [0m] Started Forward Password Requests to Wall Directory Watch.
[   17.142951] systemd[1]: Created slice System Slice.
[[0;32m  OK  [0m] Created slice System Slice.
[   17.154717] systemd[1]: Listening on LVM2 poll daemon socket.
[[0;32m  OK  [0m] Listening on LVM2 poll daemon socket.
[   17.169515] systemd[1]: Listening on Journal Socket.
[[0;32m  OK  [0m] Listening on Journal Socket.
[[0;32m  OK  [0m] Listening on Network Service Netlink Socket.
[[0;32m  OK  [0m] Listening on /dev/initctl Compatibility Named Pipe.
[[0;32m  OK  [0m] Listening on LVM2 metadata daemon socket.
         Starting Set the console keyboard layout...
[[0;32m  OK  [0m] Created slice system-serial\x2dgetty.slice.
         Mounting Huge Pages File System...
[[0;32m  OK  [0m] Listening on Syslog Socket.
[[0;32m  OK  [0m] Listening on udev Kernel Socket.
         Starting Load Kernel Modules...
[[0;32m  OK  [0m] Reached target Swap.
         Starting Uncomplicated firewall...
[[0;32m  OK  [0m] Set up automount Arbitrary Executab…rmats File System Automount Point.
[[0;32m  OK  [0m] Listening on Device-mapper event daemon FIFOs.
         Starting Monitoring of LVM2 mirrors…ng dmeventd or progress polling...
[[0;32m  OK  [0m] Reached target User and Group Name Lookups.
         Starting Create list of required st…ce nodes for the current kernel...
         Mounting Kernel Debug File System...
[[0;32m  OK  [0m] Listening on Journal Socket (/dev/log).
[[0;32m  OK  [0m] Listening on udev Control Socket.
         Starting udev Coldplug all Devices...
[[0;32m  OK  [0m] Listening on fsck to fsckd communication Socket.
[   17.338072] Loading iSCSI transport class v2.0-870.
         Starting File System Check on Root Device...
         Mounting POSIX Message Queue File System...
[[0;32m  OK  [0m] Reached target System Time Synchronized.
[[0;32m  OK  [0m] Listening on Journal Audit Socket.
         Starting Journal Service...
[[0;32m  OK  [0m] Created slice User and Session Slice.
[[0;32m  OK  [0m] Reached target Slices.
[[0;32m  OK  [0m] Mounted Huge Pages File System.
[[0;32m  OK  [0m] Started Uncomplicated firewall.
[[0;32m  OK  [0m] Mounted Kernel Debug File System.
[[0;32m  OK  [0m] Mounted POSIX Message Queue File System.
[[0;32m  OK  [0m] Started File System Check Daemon to report status.
[[0;32m  OK  [0m] Started LVM2 metadata daemon.
[[0;32m  OK  [0m] Started Create list of required sta…vice nodes for the current kernel.
         Starting Create Static Device Nodes in /dev...
[[0;32m  OK  [0m] Started udev Coldplug all Devices.
[   17.654043] iscsi: registered transport (tcp)
[[0;32m  OK  [0m] Started Set the console keyboard layout.
[[0;32m  OK  [0m] Started File System Check on Root Device.
[[0;32m  OK  [0m] Started Journal Service.
         Starting Remount Root and Kernel File Systems...
[[0;32m  OK  [0m] Started Create Static Device Nodes in /dev.
[   17.785333] random: crng init done
[   17.793013] random: 7 urandom warning(s) missed due to ratelimiting
[[0;32m  OK  [0m] Started Monitoring of LVM2 mirrors,…sing dmeventd or progress polling.
[   17.830721] EXT4-fs (sda1): re-mounted. Opts: (null)
[[0;32m  OK  [0m] Started Remount Root and Kernel File Systems.
         Starting Flush Journal to Persistent Storage...
         Starting udev Kernel Device Manager...
         Starting Load/Save Random Seed...
[[0;32m  OK  [0m] Reached target Local File Systems (Pre).
[[0;32m  OK  [0m] Reached target Local File Systems.
         Starting Tell Plymouth To Write Out Runtime Data...
         [   17.941944] iscsi: registered transport (iser)
Starting ebtables ruleset management...
         Starting Commit a transient machine-id on disk...
         Starting AppArmor initialization...
         Starting Set console font and keymap...
[[0;32m  OK  [0m] Started Load Kernel Modules.
[[0;32m  OK  [0m] Started Load/Save Random Seed.
[[0;32m  OK  [0m] Started Tell Plymouth To Write Out Runtime Data.
         Mounting Kernel Configuration File System...
         Starting Apply Kernel Variables...
         Mounting FUSE Control File System...
[[0;32m  OK  [0m] Mounted Kernel Configuration File System.
[   18.115943] systemd-journald[406]: Received request to flush runtime journal from PID 1
[[0;32m  OK  [0m] Mounted FUSE Control File System.
[[0;32m  OK  [0m] Started Set console font and keymap.
[[0;32m  OK  [0m] Started udev Kernel Device Manager.
[[0;32m  OK  [0m] Started Dispatch Password Requests to Console Directory Watch.
[[0;32m  OK  [0m] Reached target Local Encrypted Volumes.
[[0;32m  OK  [0m] Started Apply Kernel Variables.
[[0;32m  OK  [0m] Started Commit a transient machine-id on disk.
[[0;32m  OK  [0m] Started Flush Journal to Persistent Storage.
         Starting Create Volatile Files and Directories...
[[0;32m  OK  [0m] Started ebtables ruleset management.
[[0;32m  OK  [0m] Started Create Volatile Files and Directories.
         Starting Update UTMP about System Boot/Shutdown...
[[0;32m  OK  [0m] Started Update UTMP about System Boot/Shutdown.
[[0;32m  OK  [0m] Found device /dev/ttyS0.
[[0;32m  OK  [0m] Listening on Load/Save RF Kill Switch Status /dev/rfkill Watch.
[[0;32m  OK  [0m] Started AppArmor initialization.
         Starting Load AppArmor profiles managed internally by snapd...
         Starting Initial cloud-init job (pre-networking)...
[[0;32m  OK  [0m] Started Load AppArmor profiles managed internally by snapd.
[   23.596962] cloud-init[554]: Cloud-init v. 21.2-3-g899bfaa9-0ubuntu2~18.04.1 running 'init-local' at Wed, 20 Oct 2021 01:07:35 +0000. Up 22.78 seconds.
[[0;32m  OK  [0m] Started Initial cloud-init job (pre-networking).
[[0;32m  OK  [0m] Reached target Network (Pre).
         Starting Network Service...
[[0;32m  OK  [0m] Started Network Service.
         Starting Wait for Network to be Configured...
         Starting Network Name Resolution...
[[0;32m  OK  [0m] Started Network Name Resolution.
[[0;32m  OK  [0m] Reached target Network.
[[0;32m  OK  [0m] Reached target Host and Network Name Lookups.
[[0;32m  OK  [0m] Started Wait for Network to be Configured.
         Starting Initial cloud-init job (metadata service crawler)...
[   26.395012] cloud-init[657]: Cloud-init v. 21.2-3-g899bfaa9-0ubuntu2~18.04.1 running 'init' at Wed, 20 Oct 2021 01:07:38 +0000. Up 26.11 seconds.
[   26.405416] cloud-init[657]: ci-info: ++++++++++++++++++++++++++++++++++++++Net device info++++++++++++++++++++++++++++++++++++++
[   26.414210] cloud-init[657]: ci-info: +--------+-------+---------------------------+---------------+--------+-------------------+
[   26.423420] cloud-init[657]: ci-info: | Device |   Up  |          Address          |      Mask     | Scope  |     Hw-Address    |
[   26.433216] cloud-init[657]: ci-info: +--------+-------+---------------------------+---------------+--------+-------------------+
[   26.442715] cloud-init[657]: ci-info: | enp0s3 |  True |         10.0.2.15         | 255.255.255.0 | global | 02:2f:77:f1:0c:e0 |
[   26.452357] cloud-init[657]: ci-info: | enp0s3 |  True | fe80::2f:77ff:fef1:ce0/64 |       .       |  link  | 02:2f:77:f1:0c:e0 |
[   26.460917] cloud-init[657]: ci-info: | enp0s8 | False |             .             |       .       |   .    | 08:00:27:2e:9c:fb |
[   26.469303] cloud-init[657]: ci-info: |   lo   |  True |         127.0.0.1         |   255.0.0.0   |  host  |         .         |
[   26.477403] cloud-init[657]: ci-info: |   lo   |  True |          ::1/128          |       .       |  host  |         .         |
[   26.485368] cloud-init[657]: ci-info: +--------+-------+---------------------------+---------------+--------+-------------------+
[   26.494317] cloud-init[657]: ci-info: ++++++++++++++++++++++++++++Route IPv4 info+++++++++++++++++++++++++++++
[   26.500605] cloud-init[657]: ci-info: +-------+-------------+----------+-----------------+-----------+-------+
[   26.507752] cloud-init[657]: ci-info: | Route | Destination | Gateway  |     Genmask     | Interface | Flags |
[   26.514971] cloud-init[657]: ci-info: +-------+-------------+----------+-----------------+-----------+-------+
[   26.521867] cloud-init[657]: ci-info: |   0   |   0.0.0.0   | 10.0.2.2 |     0.0.0.0     |   enp0s3  |   UG  |
[   26.529130] cloud-init[657]: ci-info: |   1   |   10.0.2.0  | 0.0.0.0  |  255.255.255.0  |   enp0s3  |   U   |
[   26.536702] cloud-init[657]: ci-info: |   2   |   10.0.2.2  | 0.0.0.0  | 255.255.255.255 |   enp0s3  |   UH  |
[   26.543709] cloud-init[657]: ci-info: +-------+-------------+----------+-----------------+-----------+-------+
[   26.550554] cloud-init[657]: ci-info: +++++++++++++++++++Route IPv6 info+++++++++++++++++++
[   26.557069] cloud-init[657]: ci-info: +-------+-------------+---------+-----------+-------+
[   26.563035] cloud-init[657]: ci-info: | Route | Destination | Gateway | Interface | Flags |
[   26.568993] cloud-init[657]: ci-info: +-------+-------------+---------+-----------+-------+
[   26.574926] cloud-init[657]: ci-info: |   1   |  fe80::/64  |    ::   |   enp0s3  |   U   |
[   26.580802] cloud-init[657]: ci-info: |   3   |    local    |    ::   |   enp0s3  |   U   |
[   26.587141] cloud-init[657]: ci-info: |   4   |   ff00::/8  |    ::   |   enp0s3  |   U   |
[   26.593041] cloud-init[657]: ci-info: +-------+-------------+---------+-----------+-------+
[   28.426405] cloud-init[657]: Generating public/private rsa key pair.
[   28.430724] cloud-init[657]: Your identification has been saved in /etc/ssh/ssh_host_rsa_key.
[   28.436851] cloud-init[657]: Your public key has been saved in /etc/ssh/ssh_host_rsa_key.pub.
[   28.441878] cloud-init[657]: The key fingerprint is:
[   28.444922] cloud-init[657]: SHA256:L6vPp8FrvZVck6njTDc7D5iQmQuWNJ4TLA4Rz2HkQz4 root@ubuntu-bionic
[   28.450689] cloud-init[657]: The key's randomart image is:
[   28.454907] cloud-init[657]: +---[RSA 2048]----+
[   28.458362] cloud-init[657]: |    oo=          |
[   28.461442] cloud-init[657]: |     O o         |
[   28.464604] cloud-init[657]: |    . E =        |
[   28.467881] cloud-init[657]: |     o * = +   o |
[   28.473362] cloud-init[657]: |      . S =   =  |
[   28.482039] cloud-init[657]: |       o + + * . |
[   28.490767] cloud-init[657]: |        +.o X +  |
[   28.499581] cloud-init[657]: |       ..=o= o.+ |
[   28.508161] cloud-init[657]: |      .+*o..o .o.|
[   28.517295] cloud-init[657]: +----[SHA256]-----+
[   28.526032] cloud-init[657]: Generating public/private dsa key pair.
[   28.536029] cloud-init[657]: Your identification has been saved in /etc/ssh/ssh_host_dsa_key.
[   28.547774] cloud-init[[657]: Your public key has been saved in /etc/ssh/ssh_host_dsa_key.pub.
[   28.555018] cloud-init[657]: The key fingerprint is:
[   28.558862] cloud-init[657]: SHA256:dV40Omphf5uAtC9oLvt0FziTv2sAqXlHmozdwZ8GV6k root@ubuntu-bionic
[   28.562704] cloud-init[657]: The key's randomart image is:
[   28.566505] cloud-init[657]: +---[DSA 1024]----+
[   28.570355] cloud-init[657]: |              o. |
[   28.574190] cloud-init[657]: |             oo. |
[   28.576031] cloud-init[657]: |         o= +o.  |
[   28.579862] cloud-init[657]: |        o+=@Eo   |
[   28.583647] cloud-init[657]: |       *S*X==..  |
[   28.587459] cloud-init[657]: |      + *o+=++ o |
[   28.591268] cloud-init[657]: |       .+.oo+ o  |
[   28.593105] cloud-init[657]: |      .+ . o..   |
[   28.594943] cloud-init[657]: |      .+o  .o.   |
[   28.598669] cloud-init[657]: +----[SHA256]-----+
[   28.602423] cloud-init[657]: Generating public/private ecdsa key pair.
[   28.606186] cloud-init[657]: Your identification has been saved in /etc/ssh/ssh_host_ecdsa_key.
[   28.610560] cloud-init[657]: Your public key has been saved in /etc/ssh/ssh_host_ecdsa_key.pub.
[   28.614338] cloud-init[657]: The key fingerprint is:
[   28.618043] cloud-init[657]: SHA256:NyeWdU1PjnpBZk6OyDoROYLuQG4alDlw+ydtcYivwC0 root@ubuntu-bionic
[   28.626706] cloud-init[657]: The key's randomart image is:
[   28.632136] cloud-init[657]: +---[ECDSA 256]---+
[   28.634376] cloud-init[657]: |o +  .  ..    = o|
[   28.638956] cloud-init[657]: | *......oo . O *.|
[   28.643017] cloud-init[657]: |.oo.. o.o.o o * +|
[   28.646270] cloud-init[657]: |..+o.o o o o o . |
[   28.648590] cloud-init[657]: | +Eo+ = S * o .  |
[   28.650336] cloud-init[657]: |.  o.=   + + .   |
[   28.654655] cloud-init[657]: |    .            |
[   28.659098] cloud-init[657]: |                 |
[   28.662599] cloud-init[657]: |                 |
[   28.666415] cloud-init[657]: +----[SHA256]-----+
[   28.670505] cloud-init[657]: Generating public/private ed25519 key pair.
[   28.674762] cloud-init[657]: Your identification has been saved in /etc/ssh/ssh_host_ed25519_key.
[   28.679231] cloud-init[657]: Your public key has been saved in /etc/ssh/ssh_host_ed25519_key.pub.
[   28.683234] cloud-init[657]: The key fingerprint is:
[   28.687092] cloud-init[657]: SHA256:co9TFUaRww9ymmuTgiIMyh/dqtDisA/YWy4vulXXTdI root@ubuntu-bionic
[   28.690906] cloud-init[657]: The key's randomart image is:
[   28.695046] cloud-init[657]: +--[ED25519 256]--+
[   28.699080] cloud-init[657]: |           o=o   |
[   28.702831] cloud-init[657]: |         ...*.   |
[   28.706893] cloud-init[657]: |        . E=.+   |
[   28.711000] cloud-init[657]: |.      . +o.  .  |
[   28.719406] cloud-init[657]: |oo  o +.S oo     |
[   28.723529] cloud-init[657]: |oo+o.o.+.+=      |
[   28.728007] cloud-init[657]: |+o+oo.. oo..     |
[   28.730958] cloud-init[657]: |o+== .   .       |
[   28.735727] cloud-init[657]: |+=o=+            |
[   28.736510] cloud-init[657]: +----[SHA256]-----+
[0;32m  OK  [0m] Started Initial cloud-init job (metadata service crawler).
[[0;32m  OK  [0m] Reached target Cloud-config availability.
[[0;32m  OK  [0m] Reached target System Initialization.
         Starting Socket activation for snappy daemon.
[[0;32m  OK  [0m] Started ACPI Events Check.
[[0;32m  OK  [0m] Started Message of the Day.
[[0;32m  OK  [0m] Started Daily apt download activities.
         Starting LXD - unix socket.
[[0;32m  OK  [0m] Reached target Paths.
[[0;32m  OK  [0m] Listening on Open-iSCSI iscsid Socket.
[[0;32m  OK  [0m] Listening on UUID daemon activation socket.
[[0;32m  OK  [0m] Started Daily Cleanup of Temporary Directories.
[[0;32m  OK  [0m] Started Daily apt upgrade and clean activities.
[[0;32m  OK  [0m] Started Discard unused blocks once a week.
[[0;32m  OK  [0m] Listening on D-Bus System Message Bus Socket.
[[0;32m  OK  [0m] Listening on ACPID Listen Socket.
[[0;32m  OK  [0m] Started Ubuntu Advantage update messaging.
[[0;32m  OK  [0m] Reached target Timers.
[[0;32m  OK  [0m] Reached target Network is Online.
[[0;32m  OK  [0m] Reached target Remote File Systems (Pre).
[[0;32m  OK  [0m] Reached target Remote File Systems.
         Starting Availability of block devices...
[[0;32m  OK  [0m] Listening on Socket activation for snappy daemon.
[[0;32m  OK  [0m] Listening on LXD - unix socket.
[[0;32m  OK  [0m] Started Availability of block devices.
[[0;32m  OK  [0m] Reached target Sockets.
[[0;32m  OK  [0m] Reached target Basic System.
         Starting LXD - container startup/shutdown...
         Starting LSB: automatic crash report generation...
         Starting Pollinate to seed the pseudo random number generator...
         Starting System Logging Service...
[[0;32m  OK  [0m] Started Deferred execution scheduler.
[[0;32m  OK  [0m] Started D-Bus System Message Bus.
         Starting Accounts Service...
[[0;32m  OK  [0m] Started FUSE filesystem for LXC.
         Starting Dispatcher daemon for systemd-networkd...
[[0;32m  OK  [0m] Started Regular background program processing daemon.
         Starting Permit User Sessions...
[[0;32m  OK  [0m] Started irqbalance daemon.
         Starting Login Service...
         Starting LSB: Record successful boot for GRUB...
         Starting Virtualbox guest utils...
         Starting Snap Daemon...
[[0;32m  OK  [0m] Started System Logging Service.
[[0;32m  OK  [0m] Started LXD - container startup/shutdown.
[[0;32m  OK  [0m] Started Permit User Sessions.
         Starting Authorization Manager...
         Starting Hold until boot process finishes up...
         Starting Terminate Plymouth Boot Screen...
[[0;32m  OK  [0m] Started Hold until boot process finishes up.
[[0;32m  OK  [0m] Started Terminate Plymouth Boot Screen.
         Starting Set console scheme...
[[0;32m  OK  [0m] Started Serial Getty on ttyS0.
[[0;32m  OK  [0m] Started Set console scheme.
[[0;32m  OK  [0m] Created slice system-getty.slice.
[[0;32m  OK  [0m] Started Getty on tty1.
[[0;32m  OK  [0m] Reached target Login Prompts.
[[0;32m  OK  [0m] Started LSB: automatic crash report generation.
[[0;32m  OK  [0m] Started LSB: Record successful boot for GRUB.
[[0;32m  OK  [0m] Started Login Service.
[[0;32m  OK  [0m] Started Unattended Upgrades Shutdown.
[[0;32m  OK  [0m] Started Authorization Manager.
[[0;32m  OK  [0m] Started Accounts Service.
[[0;32m  OK  [0m] Started Virtualbox guest utils.
[[0;32m  OK  [0m] Started Dispatcher daemon for systemd-networkd.
[[0;32m  OK  [0m] Started Snap Daemon.
         Starting Wait until snapd is fully seeded...
[[0;32m  OK  [0m] Started Pollinate to seed the pseudo random number generator.
         Starting OpenBSD Secure Shell server...
[[0;32m  OK  [0m] Started OpenBSD Secure Shell server.
[[0;32m  OK  [0m] Created slice User Slice of vagrant.
         Starting User Manager for UID 1000...
[[0;32m  OK  [0m] Started Session 1 of user vagrant.
[[0;32m  OK  [0m] Started User Manager for UID 1000.

Ubuntu 18.04.6 LTS ubuntu-bionic ttyS0

ubuntu-bionic login: [   38.660214] cloud-init[1211]: Cloud-init v. 21.2-3-g899bfaa9-0ubuntu2~18.04.1 running 'modules:config' at Wed, 20 Oct 2021 01:07:49 +0000. Up 37.55 seconds.
ci-info: no authorized SSH keys fingerprints found for user ubuntu.
<14>Oct 20 01:07:52 cloud-init: #############################################################
<14>Oct 20 01:07:52 cloud-init: -----BEGIN SSH HOST KEY FINGERPRINTS-----
<14>Oct 20 01:07:52 cloud-init: 1024 SHA256:dV40Omphf5uAtC9oLvt0FziTv2sAqXlHmozdwZ8GV6k root@ubuntu-bionic (DSA)
<14>Oct 20 01:07:52 cloud-init: 256 SHA256:NyeWdU1PjnpBZk6OyDoROYLuQG4alDlw+ydtcYivwC0 root@ubuntu-bionic (ECDSA)
<14>Oct 20 01:07:52 cloud-init: 256 SHA256:co9TFUaRww9ymmuTgiIMyh/dqtDisA/YWy4vulXXTdI root@ubuntu-bionic (ED25519)
<14>Oct 20 01:07:52 cloud-init: 2048 SHA256:L6vPp8FrvZVck6njTDc7D5iQmQuWNJ4TLA4Rz2HkQz4 root@ubuntu-bionic (RSA)
<14>Oct 20 01:07:52 cloud-init: -----END SSH HOST KEY FINGERPRINTS-----
<14>Oct 20 01:07:52 cloud-init: #############################################################
-----BEGIN SSH HOST KEY KEYS-----
ecdsa-sha2-nistp256 AAAAE2VjZHNhLXNoYTItbmlzdHAyNTYAAAAIbmlzdHAyNTYAAABBBE7V6Q/AFpZqnF8H0kV36rZFPZ6irxOb53L82QS7mG2gzU8C/5x1HO5ptv4a5XE56Q5U9gopNYe2pwBb9EPpk1I= root@ubuntu-bionic
ssh-ed25519 AAAAC3NzaC1lZDI1NTE5AAAAIKocxA235fKG2zpoc292QezhAn0PPAUs2ypoQ+zxC4SK root@ubuntu-bionic
ssh-rsa AAAAB3NzaC1yc2EAAAADAQABAAABAQDcUKQn/mpeK+WqLINStXfQAU4SAdL4rDgv/hKCiRHu2qqsKoMPZK+8jrev92rVldKgbk5btThWuJGjVkGWqH8W4vyhCvTr0qq7gvaLy0iR3mxhvHeNmE7HGRurBHHFSCMfh68zV2e6kjY16KcUX1gNJiJOeQEAt2y4ciK1DolGn9FR1DuTOYyZUjzYbXN/dlJz+39US/8GzavcKp/NLzZKfF6+rh3RaMxFEY86gRl8u6sw0xigz+o0PfvuNT5fhQ/HRqFDy3w2Sf9Hu8E1BrmNnLlbF6M69wc9obzZa9OlUVS0XoZnm7FzftORZl1rowmnmVgiVj1G1n2i7mgoM6Zn root@ubuntu-bionic
-----END SSH HOST KEY KEYS-----
[   40.085065] cloud-init[1371]: Cloud-init v. 21.2-3-g899bfaa9-0ubuntu2~18.04.1 running 'modules:final' at Wed, 20 Oct 2021 01:07:52 +0000. Up 39.61 seconds.
[   40.086693] cloud-init[1371]: ci-info: no authorized SSH keys fingerprints found for user ubuntu.
[   40.089416] cloud-init[1371]: Cloud-init v. 21.2-3-g899bfaa9-0ubuntu2~18.04.1 finished at Wed, 20 Oct 2021 01:07:52 +0000. Datasource DataSourceNoCloud [seed=/dev/sdb][dsmode=net].  Up 40.06 seconds
